mode: set
github.com/tys-muta/go-ers/error.go:67.65,73.2 1 1
github.com/tys-muta/go-ers/error.go:75.34,84.2 2 1
github.com/tys-muta/go-ers/error.go:86.54,96.33 3 1
github.com/tys-muta/go-ers/error.go:99.2,99.20 1 1
github.com/tys-muta/go-ers/error.go:102.2,102.10 1 1
github.com/tys-muta/go-ers/error.go:96.33,98.3 1 1
github.com/tys-muta/go-ers/error.go:99.20,101.3 1 1
github.com/tys-muta/go-ers/error.go:105.39,107.2 1 1
github.com/tys-muta/go-ers/error.go:109.45,111.2 1 0
github.com/tys-muta/go-ers/error.go:113.32,115.2 1 1
github.com/tys-muta/go-ers/error.go:117.39,118.84 1 1
github.com/tys-muta/go-ers/error.go:121.2,121.14 1 1
github.com/tys-muta/go-ers/error.go:118.84,120.3 1 1
github.com/tys-muta/go-ers/error.go:124.45,125.37 1 0
github.com/tys-muta/go-ers/error.go:134.2,134.14 1 0
github.com/tys-muta/go-ers/error.go:125.37,133.3 7 0
github.com/tys-muta/go-ers/error.go:137.52,138.14 1 0
github.com/tys-muta/go-ers/error.go:148.2,148.37 1 0
github.com/tys-muta/go-ers/error.go:139.11,140.10 1 0
github.com/tys-muta/go-ers/error.go:141.41,141.41 0 0
github.com/tys-muta/go-ers/error.go:143.11,145.10 2 0
github.com/tys-muta/go-ers/error.go:151.61,152.20 1 0
github.com/tys-muta/go-ers/error.go:155.2,156.16 2 0
github.com/tys-muta/go-ers/error.go:152.20,154.3 1 0
github.com/tys-muta/go-ers/error.go:159.32,160.20 1 0
github.com/tys-muta/go-ers/error.go:163.2,163.29 1 0
github.com/tys-muta/go-ers/error.go:160.20,162.3 1 0
github.com/tys-muta/go-ers/error.go:166.50,169.2 2 0
github.com/tys-muta/go-ers/error.go:171.45,178.2 3 0
github.com/tys-muta/go-ers/error.go:180.35,181.20 1 0
github.com/tys-muta/go-ers/error.go:189.2,189.15 1 0
github.com/tys-muta/go-ers/error.go:181.20,182.72 1 0
github.com/tys-muta/go-ers/error.go:185.3,185.62 1 0
github.com/tys-muta/go-ers/error.go:182.72,184.4 1 0
github.com/tys-muta/go-ers/error.go:185.62,187.4 1 0
github.com/tys-muta/go-ers/error.go:192.34,193.21 1 0
github.com/tys-muta/go-ers/error.go:196.2,196.20 1 0
github.com/tys-muta/go-ers/error.go:237.2,237.11 1 0
github.com/tys-muta/go-ers/error.go:193.21,195.3 1 0
github.com/tys-muta/go-ers/error.go:196.20,197.61 1 0
github.com/tys-muta/go-ers/error.go:200.3,200.72 1 0
github.com/tys-muta/go-ers/error.go:197.61,199.4 1 0
github.com/tys-muta/go-ers/error.go:200.72,201.35 1 0
github.com/tys-muta/go-ers/error.go:202.24,203.31 1 0
github.com/tys-muta/go-ers/error.go:204.23,205.30 1 0
github.com/tys-muta/go-ers/error.go:206.31,207.38 1 0
github.com/tys-muta/go-ers/error.go:208.32,209.39 1 0
github.com/tys-muta/go-ers/error.go:210.24,211.31 1 0
github.com/tys-muta/go-ers/error.go:212.29,213.36 1 0
github.com/tys-muta/go-ers/error.go:214.32,215.38 1 0
github.com/tys-muta/go-ers/error.go:216.33,217.40 1 0
github.com/tys-muta/go-ers/error.go:218.34,219.41 1 0
github.com/tys-muta/go-ers/error.go:220.23,221.30 1 0
github.com/tys-muta/go-ers/error.go:222.26,223.33 1 0
github.com/tys-muta/go-ers/error.go:224.29,225.36 1 0
github.com/tys-muta/go-ers/error.go:226.24,227.31 1 0
github.com/tys-muta/go-ers/error.go:228.27,229.34 1 0
github.com/tys-muta/go-ers/error.go:230.24,231.31 1 0
github.com/tys-muta/go-ers/error.go:232.31,233.38 1 0
github.com/tys-muta/go-ers/error.go:240.33,241.20 1 0
github.com/tys-muta/go-ers/error.go:244.2,244.20 1 0
github.com/tys-muta/go-ers/error.go:249.2,249.11 1 0
github.com/tys-muta/go-ers/error.go:241.20,243.3 1 0
github.com/tys-muta/go-ers/error.go:244.20,245.60 1 0
github.com/tys-muta/go-ers/error.go:245.60,247.4 1 0
github.com/tys-muta/go-ers/error.go:252.33,253.20 1 0
github.com/tys-muta/go-ers/error.go:256.2,256.20 1 0
github.com/tys-muta/go-ers/error.go:261.2,261.11 1 0
github.com/tys-muta/go-ers/error.go:253.20,255.3 1 0
github.com/tys-muta/go-ers/error.go:256.20,257.60 1 0
github.com/tys-muta/go-ers/error.go:257.60,259.4 1 0
github.com/tys-muta/go-ers/option.go:10.34,11.30 1 1
github.com/tys-muta/go-ers/option.go:11.30,13.3 1 1
github.com/tys-muta/go-ers/trace.go:17.31,18.25 1 1
github.com/tys-muta/go-ers/trace.go:32.2,32.45 1 1
github.com/tys-muta/go-ers/trace.go:19.14,20.25 1 1
github.com/tys-muta/go-ers/trace.go:21.14,22.33 1 0
github.com/tys-muta/go-ers/trace.go:23.13,24.33 1 0
github.com/tys-muta/go-ers/trace.go:25.14,26.15 1 1
github.com/tys-muta/go-ers/trace.go:29.13,30.12 1 1
github.com/tys-muta/go-ers/trace.go:26.15,28.4 1 1
